<?xml version="1.0" encoding="UTF-8"?>
<!-- Generated by org.testng.reporters.JUnitReportReporter -->
<testsuite skipped="1" hostname="ICEN041-E5470" name="extent.GridDemo" tests="6" failures="0" timestamp="11 Nov 2017 07:30:55 GMT" time="200.905" errors="1">
  <testcase name="calculatepercent" time="50.004" classname="extent.GridDemo"/>
  <testcase name="calculatepercent" time="50.003" classname="extent.GridDemo"/>
  <testcase name="calculatepercent" time="50.008" classname="extent.GridDemo"/>
  <testcase name="calculatepercent" time="50.002" classname="extent.GridDemo"/>
  <testcase name="launchapp" time="0.888" classname="extent.GridDemo">
    <error type="org.openqa.selenium.WebDriverException" message="Unable to parse remote response: &lt;!DOCTYPE html&gt;
&lt;html lang=&quot;en&quot;&gt;
&lt;head&gt;
  &lt;meta charset=&quot;UTF-8&quot;&gt;
  &lt;link rel=&quot;stylesheet&quot; type=&quot;text/css&quot; href=&quot;/assets/displayhelpservlet.css&quot; media=&quot;all&quot;/&gt;
  &lt;link href=&quot;/assets/favicon.ico&quot; rel=&quot;icon&quot; type=&quot;image/x-icon&quot; /&gt;
  &lt;script src=&quot;/assets/jquery-3.1.1.min.js&quot; type=&quot;text/javascript&quot;&gt;&lt;/script&gt;
  &lt;script src=&quot;/assets/displayhelpservlet.js&quot; type=&quot;text/javascript&quot;&gt;&lt;/script&gt;
  &lt;script type=&quot;text/javascript&quot;&gt;
    var json = Object.freeze(&#039;{&quot;version&quot;:&quot;3.7.1&quot;,&quot;type&quot;:&quot;Grid Hub&quot;,&quot;consoleLink&quot;:&quot;/grid/console&quot;}&#039;);
  &lt;/script&gt;
&lt;/head&gt;
&lt;body&gt;

&lt;div id=&quot;content&quot;&gt;
  &lt;div id=&quot;help-heading&quot;&gt;
    &lt;h1&gt;&lt;span id=&quot;logo&quot;&gt;&lt;/span&gt;&lt;/h1&gt;
    &lt;h2&gt;Selenium &lt;span class=&quot;se-type&quot;&gt;&lt;/span&gt;&amp;nbsp;v.&lt;span class=&quot;se-version&quot;&gt;&lt;/span&gt;&lt;/h2&gt;
  &lt;/div&gt;

  &lt;div id=&quot;content-body&quot;&gt;
    &lt;p&gt;
      Whoops! The URL specified routes to this help page.
    &lt;/p&gt;
    &lt;p&gt;
      For more information about Selenium &lt;span class=&quot;se-type&quot;&gt;&lt;/span&gt; please see the
      &lt;a class=&quot;se-docs&quot;&gt;docs&lt;/a&gt; and/or visit the &lt;a class=&quot;se-wiki&quot;&gt;wiki&lt;/a&gt;.
      &lt;span id=&quot;console-item&quot;&gt;
        Or perhaps you are looking for the Selenium &lt;span class=&quot;se-type&quot;&gt;&lt;/span&gt; &lt;a class=&quot;se-console&quot;&gt;console&lt;/a&gt;.
      &lt;/span&gt;
    &lt;/p&gt;
    &lt;p&gt;
      Happy Testing!
    &lt;/p&gt;
  &lt;/div&gt;

  &lt;div&gt;
    &lt;footer id=&quot;help-footer&quot;&gt;
      Selenium is made possible through the efforts of our open source community, contributions from
      these &lt;a href=&quot;https://github.com/SeleniumHQ/selenium/blob/master/AUTHORS&quot;&gt;people&lt;/a&gt;, and our
      &lt;a href=&quot;http://www.seleniumhq.org/sponsors/&quot;&gt;sponsors&lt;/a&gt;.
   &lt;/footer&gt;
  &lt;/div&gt;
 &lt;/div&gt;

&lt;/body&gt;
&lt;/html&gt;
Build info: version: &#039;3.6.0&#039;, revision: &#039;6fbf3ec767&#039;, time: &#039;2017-09-27T15:28:36.4Z&#039;
System info: host: &#039;ICEN041-E5470&#039;, ip: &#039;192.168.0.101&#039;, os.name: &#039;Windows 10&#039;, os.arch: &#039;amd64&#039;, os.version: &#039;10.0&#039;, java.version: &#039;1.8.0_144&#039;
Driver info: driver.version: RemoteWebDriver">
      <![CDATA[org.openqa.selenium.WebDriverException: Unable to parse remote response: <!DOCTYPE html>
<html lang="en">
<head>
  <meta charset="UTF-8">
  <link rel="stylesheet" type="text/css" href="/assets/displayhelpservlet.css" media="all"/>
  <link href="/assets/favicon.ico" rel="icon" type="image/x-icon" />
  <script src="/assets/jquery-3.1.1.min.js" type="text/javascript"></script>
  <script src="/assets/displayhelpservlet.js" type="text/javascript"></script>
  <script type="text/javascript">
    var json = Object.freeze('{"version":"3.7.1","type":"Grid Hub","consoleLink":"/grid/console"}');
  </script>
</head>
<body>

<div id="content">
  <div id="help-heading">
    <h1><span id="logo"></span></h1>
    <h2>Selenium <span class="se-type"></span>&nbsp;v.<span class="se-version"></span></h2>
  </div>

  <div id="content-body">
    <p>
      Whoops! The URL specified routes to this help page.
    </p>
    <p>
      For more information about Selenium <span class="se-type"></span> please see the
      <a class="se-docs">docs</a> and/or visit the <a class="se-wiki">wiki</a>.
      <span id="console-item">
        Or perhaps you are looking for the Selenium <span class="se-type"></span> <a class="se-console">console</a>.
      </span>
    </p>
    <p>
      Happy Testing!
    </p>
  </div>

  <div>
    <footer id="help-footer">
      Selenium is made possible through the efforts of our open source community, contributions from
      these <a href="https://github.com/SeleniumHQ/selenium/blob/master/AUTHORS">people</a>, and our
      <a href="http://www.seleniumhq.org/sponsors/">sponsors</a>.
   </footer>
  </div>
 </div>

</body>
</html>
Build info: version: '3.6.0', revision: '6fbf3ec767', time: '2017-09-27T15:28:36.4Z'
System info: host: 'ICEN041-E5470', ip: '192.168.0.101', os.name: 'Windows 10', os.arch: 'amd64', os.version: '10.0', java.version: '1.8.0_144'
Driver info: driver.version: RemoteWebDriver
	at org.openqa.selenium.remote.ProtocolHandshake.createSession(ProtocolHandshake.java:347)
	at org.openqa.selenium.remote.ProtocolHandshake.createSession(ProtocolHandshake.java:136)
	at org.openqa.selenium.remote.HttpCommandExecutor.execute(HttpCommandExecutor.java:142)
	at org.openqa.selenium.remote.RemoteWebDriver.execute(RemoteWebDriver.java:586)
	at org.openqa.selenium.remote.RemoteWebDriver.startSession(RemoteWebDriver.java:217)
	at org.openqa.selenium.remote.RemoteWebDriver.<init>(RemoteWebDriver.java:140)
	at org.openqa.selenium.remote.RemoteWebDriver.<init>(RemoteWebDriver.java:153)
	at extent.GridDemo.launchapp(GridDemo.java:31)
	at sun.reflect.NativeMethodAccessorImpl.invoke0(Native Method)
	at sun.reflect.NativeMethodAccessorImpl.invoke(Unknown Source)
	at sun.reflect.DelegatingMethodAccessorImpl.invoke(Unknown Source)
	at java.lang.reflect.Method.invoke(Unknown Source)
	at org.testng.internal.MethodInvocationHelper.invokeMethod(MethodInvocationHelper.java:108)
	at org.testng.internal.Invoker.invokeConfigurationMethod(Invoker.java:523)
	at org.testng.internal.Invoker.invokeConfigurations(Invoker.java:224)
	at org.testng.internal.Invoker.invokeConfigurations(Invoker.java:146)
	at org.testng.TestRunner.beforeRun(TestRunner.java:626)
	at org.testng.TestRunner.run(TestRunner.java:594)
	at org.testng.SuiteRunner.runTest(SuiteRunner.java:380)
	at org.testng.SuiteRunner.access$000(SuiteRunner.java:39)
	at org.testng.SuiteRunner$SuiteWorker.run(SuiteRunner.java:414)
	at org.testng.internal.thread.ThreadUtil$1.call(ThreadUtil.java:52)
	at java.util.concurrent.FutureTask.run(Unknown Source)
	at java.util.concurrent.ThreadPoolExecutor.runWorker(Unknown Source)
	at java.util.concurrent.ThreadPoolExecutor$Worker.run(Unknown Source)
	at java.lang.Thread.run(Unknown Source)
]]>
    </error>
  </testcase> <!-- launchapp -->
  <testcase name="calculatepercent" time="0.000" classname="extent.GridDemo">
    <skipped/>
  </testcase> <!-- calculatepercent -->
</testsuite> <!-- extent.GridDemo -->
